# JRE version: Java(TM) SE Runtime Environment (8.0_151-b12) (build 1.8.0_151-b12)
# Java VM: Java HotSpot(TM) 64-Bit Server VM (25.151-b12 mixed mode windows-amd64 compressed oops)
Heap:
 PSYoungGen      total 202240K, used 173944K [0x00000000eb300000, 0x00000000f9500000, 0x0000000100000000)
  eden space 174080K, 99% used [0x00000000eb300000,0x00000000f5cde340,0x00000000f5d00000)
  from space 28160K, 0% used [0x00000000f7980000,0x00000000f7980000,0x00000000f9500000)
  to   space 28672K, 0% used [0x00000000f5d00000,0x00000000f5d00000,0x00000000f7900000)
 ParOldGen       total 51200K, used 26502K [0x00000000c1800000, 0x00000000c4a00000, 0x00000000eb300000)
  object space 51200K, 51% used [0x00000000c1800000,0x00000000c31e1be0,0x00000000c4a00000)
 Metaspace       used 43323K, capacity 44056K, committed 44288K, reserved 1089536K
  class space    used 4902K, capacity 5100K, committed 5120K, reserved 1048576K
GC Heap History (10 events):
Event: 46.381 GC heap before
{Heap before GC invocations=20 (full 1):
 PSYoungGen      total 105472K, used 105441K [0x00000000eb300000, 0x00000000f2d80000, 0x0000000100000000)
  eden space 92160K, 100% used [0x00000000eb300000,0x00000000f0d00000,0x00000000f0d00000)
  from space 13312K, 99% used [0x00000000f1c80000,0x00000000f2978758,0x00000000f2980000)
  to   space 15872K, 0% used [0x00000000f0d00000,0x00000000f0d00000,0x00000000f1c80000)
 ParOldGen       total 39424K, used 20020K [0x00000000c1800000, 0x00000000c3e80000, 0x00000000eb300000)
  object space 39424K, 50% used [0x00000000c1800000,0x00000000c2b8d0e0,0x00000000c3e80000)
 Metaspace       used 21224K, capacity 21676K, committed 21884K, reserved 1069056K
  class space    used 2417K, capacity 2552K, committed 2560K, reserved 1048576K
Event: 46.421 GC heap after
Heap after GC invocations=20 (full 1):
 PSYoungGen      total 108032K, used 15868K [0x00000000eb300000, 0x00000000f5700000, 0x0000000100000000)
  eden space 92160K, 0% used [0x00000000eb300000,0x00000000eb300000,0x00000000f0d00000)
  from space 15872K, 99% used [0x00000000f0d00000,0x00000000f1c7f090,0x00000000f1c80000)
  to   space 19968K, 0% used [0x00000000f4380000,0x00000000f4380000,0x00000000f5700000)
 ParOldGen       total 39424K, used 25545K [0x00000000c1800000, 0x00000000c3e80000, 0x00000000eb300000)
  object space 39424K, 64% used [0x00000000c1800000,0x00000000c30f2640,0x00000000c3e80000)
 Metaspace       used 21224K, capacity 21676K, committed 21884K, reserved 1069056K
  class space    used 2417K, capacity 2552K, committed 2560K, reserved 1048576K
}
Event: 47.180 GC heap before
{Heap before GC invocations=21 (full 1):
 PSYoungGen      total 108032K, used 108028K [0x00000000eb300000, 0x00000000f5700000, 0x0000000100000000)
  eden space 92160K, 100% used [0x00000000eb300000,0x00000000f0d00000,0x00000000f0d00000)
  from space 15872K, 99% used [0x00000000f0d00000,0x00000000f1c7f090,0x00000000f1c80000)
  to   space 19968K, 0% used [0x00000000f4380000,0x00000000f4380000,0x00000000f5700000)
 ParOldGen       total 39424K, used 25545K [0x00000000c1800000, 0x00000000c3e80000, 0x00000000eb300000)
  object space 39424K, 64% used [0x00000000c1800000,0x00000000c30f2640,0x00000000c3e80000)
 Metaspace       used 21251K, capacity 21676K, committed 21884K, reserved 1069056K
  class space    used 2417K, capacity 2552K, committed 2560K, reserved 1048576K
Event: 47.229 GC heap after
Heap after GC invocations=21 (full 1):
 PSYoungGen      total 144384K, used 19950K [0x00000000eb300000, 0x00000000f5e00000, 0x0000000100000000)
  eden space 124416K, 0% used [0x00000000eb300000,0x00000000eb300000,0x00000000f2c80000)
  from space 19968K, 99% used [0x00000000f4380000,0x00000000f56fbb78,0x00000000f5700000)
  to   space 23552K, 0% used [0x00000000f2c80000,0x00000000f2c80000,0x00000000f4380000)
 ParOldGen       total 39424K, used 26932K [0x00000000c1800000, 0x00000000c3e80000, 0x00000000eb300000)
  object space 39424K, 68% used [0x00000000c1800000,0x00000000c324d328,0x00000000c3e80000)
 Metaspace       used 21251K, capacity 21676K, committed 21884K, reserved 1069056K
  class space    used 2417K, capacity 2552K, committed 2560K, reserved 1048576K
}
Event: 48.379 GC heap before
{Heap before GC invocations=22 (full 1):
 PSYoungGen      total 144384K, used 144366K [0x00000000eb300000, 0x00000000f5e00000, 0x0000000100000000)
  eden space 124416K, 100% used [0x00000000eb300000,0x00000000f2c80000,0x00000000f2c80000)
  from space 19968K, 99% used [0x00000000f4380000,0x00000000f56fbb78,0x00000000f5700000)
  to   space 23552K, 0% used [0x00000000f2c80000,0x00000000f2c80000,0x00000000f4380000)
 ParOldGen       total 39424K, used 26932K [0x00000000c1800000, 0x00000000c3e80000, 0x00000000eb300000)
  object space 39424K, 68% used [0x00000000c1800000,0x00000000c324d328,0x00000000c3e80000)
 Metaspace       used 21288K, capacity 21740K, committed 21884K, reserved 1069056K
  class space    used 2417K, capacity 2552K, committed 2560K, reserved 1048576K
Event: 50.451 GC heap after
Heap after GC invocations=22 (full 1):
 PSYoungGen      total 147968K, used 23527K [0x00000000eb300000, 0x00000000f9600000, 0x0000000100000000)
  eden space 124416K, 0% used [0x00000000eb300000,0x00000000eb300000,0x00000000f2c80000)
  from space 23552K, 99% used [0x00000000f2c80000,0x00000000f4379f30,0x00000000f4380000)
  to   space 29184K, 0% used [0x00000000f7980000,0x00000000f7980000,0x00000000f9600000)
 ParOldGen       total 39424K, used 31880K [0x00000000c1800000, 0x00000000c3e80000, 0x00000000eb300000)
  object space 39424K, 80% used [0x00000000c1800000,0x00000000c3722098,0x00000000c3e80000)
 Metaspace       used 21288K, capacity 21740K, committed 21884K, reserved 1069056K
  class space    used 2417K, capacity 2552K, committed 2560K, reserved 1048576K
}
Event: 145.368 GC heap before
{Heap before GC invocations=23 (full 1):
 PSYoungGen      total 147968K, used 144727K [0x00000000eb300000, 0x00000000f9600000, 0x0000000100000000)
  eden space 124416K, 97% used [0x00000000eb300000,0x00000000f295c0b8,0x00000000f2c80000)
  from space 23552K, 99% used [0x00000000f2c80000,0x00000000f4379f30,0x00000000f4380000)
  to   space 29184K, 0% used [0x00000000f7980000,0x00000000f7980000,0x00000000f9600000)
 ParOldGen       total 39424K, used 31880K [0x00000000c1800000, 0x00000000c3e80000, 0x00000000eb300000)
  object space 39424K, 80% used [0x00000000c1800000,0x00000000c3722098,0x00000000c3e80000)
 Metaspace       used 35279K, capacity 35822K, committed 36048K, reserved 1081344K
  class space    used 3927K, capacity 4120K, committed 4224K, reserved 1048576K
Event: 145.419 GC heap after
Heap after GC invocations=23 (full 1):
 PSYoungGen      total 202240K, used 15537K [0x00000000eb300000, 0x00000000f9500000, 0x0000000100000000)
  eden space 174080K, 0% used [0x00000000eb300000,0x00000000eb300000,0x00000000f5d00000)
  from space 28160K, 55% used [0x00000000f7980000,0x00000000f88ac6c8,0x00000000f9500000)
  to   space 28672K, 0% used [0x00000000f5d00000,0x00000000f5d00000,0x00000000f7900000)
 ParOldGen       total 39424K, used 32312K [0x00000000c1800000, 0x00000000c3e80000, 0x00000000eb300000)
  object space 39424K, 81% used [0x00000000c1800000,0x00000000c378e098,0x00000000c3e80000)
 Metaspace       used 35279K, capacity 35822K, committed 36048K, reserved 1081344K
  class space    used 3927K, capacity 4120K, committed 4224K, reserved 1048576K
}
Event: 145.437 GC heap before
{Heap before GC invocations=24 (full 2):
 PSYoungGen      total 202240K, used 15537K [0x00000000eb300000, 0x00000000f9500000, 0x0000000100000000)
  eden space 174080K, 0% used [0x00000000eb300000,0x00000000eb300000,0x00000000f5d00000)
  from space 28160K, 55% used [0x00000000f7980000,0x00000000f88ac6c8,0x00000000f9500000)
  to   space 28672K, 0% used [0x00000000f5d00000,0x00000000f5d00000,0x00000000f7900000)
 ParOldGen       total 39424K, used 32312K [0x00000000c1800000, 0x00000000c3e80000, 0x00000000eb300000)
  object space 39424K, 81% used [0x00000000c1800000,0x00000000c378e098,0x00000000c3e80000)
 Metaspace       used 35279K, capacity 35822K, committed 36048K, reserved 1081344K
  class space    used 3927K, capacity 4120K, committed 4224K, reserved 1048576K
Event: 147.531 GC heap after
Heap after GC invocations=24 (full 2):
 PSYoungGen      total 202240K, used 0K [0x00000000eb300000, 0x00000000f9500000, 0x0000000100000000)
  eden space 174080K, 0% used [0x00000000eb300000,0x00000000eb300000,0x00000000f5d00000)
  from space 28160K, 0% used [0x00000000f7980000,0x00000000f7980000,0x00000000f9500000)
  to   space 28672K, 0% used [0x00000000f5d00000,0x00000000f5d00000,0x00000000f7900000)
 ParOldGen       total 51200K, used 26502K [0x00000000c1800000, 0x00000000c4a00000, 0x00000000eb300000)
  object space 51200K, 51% used [0x00000000c1800000,0x00000000c31e1be0,0x00000000c4a00000)
 Metaspace       used 35279K, capacity 35822K, committed 36048K, reserved 1081344K
  class space    used 3927K, capacity 4120K, committed 4224K, reserved 1048576K
}

